2018-09-11 20:48:15,024 INFO o.a.j.u.JMeterUtils: Setting Locale to en_EN
2018-09-11 20:48:15,047 INFO o.a.j.JMeter: Loading user properties from: /Users/vishalendupandey/Tools/apache-jmeter/apache-jmeter-4.0/bin/user.properties
2018-09-11 20:48:15,048 INFO o.a.j.JMeter: Loading system properties from: /Users/vishalendupandey/Tools/apache-jmeter/apache-jmeter-4.0/bin/system.properties
2018-09-11 20:48:15,048 INFO o.a.j.JMeter: Setting JMeter property: USERS=2
2018-09-11 20:48:15,048 INFO o.a.j.JMeter: Setting JMeter property: RAMPUP_SEC=1
2018-09-11 20:48:15,049 INFO o.a.j.JMeter: Setting JMeter property: DURATION_SEC=120
2018-09-11 20:48:15,049 INFO o.a.j.JMeter: Setting JMeter property: jmeter.reportgenerator.overall_granularity=60000
2018-09-11 20:48:15,049 INFO o.a.j.JMeter: Setting JMeter property: jmeter.reportgenerator.apdex_satisfied_threshold=500
2018-09-11 20:48:15,049 INFO o.a.j.JMeter: Setting JMeter property: jmeter.reportgenerator.apdex_tolerated_threshold=2000
2018-09-11 20:48:15,049 INFO o.a.j.JMeter: Setting JMeter property: jmeter.save.saveservice.output_format=csv
2018-09-11 20:48:15,053 INFO o.a.j.JMeter: Copyright (c) 1998-2018 The Apache Software Foundation
2018-09-11 20:48:15,054 INFO o.a.j.JMeter: Version 4.0 r1823414
2018-09-11 20:48:15,054 INFO o.a.j.JMeter: java.version=1.8.0_161
2018-09-11 20:48:15,054 INFO o.a.j.JMeter: java.vm.name=Java HotSpot(TM) 64-Bit Server VM
2018-09-11 20:48:15,054 INFO o.a.j.JMeter: os.name=Mac OS X
2018-09-11 20:48:15,054 INFO o.a.j.JMeter: os.arch=x86_64
2018-09-11 20:48:15,054 INFO o.a.j.JMeter: os.version=10.13.6
2018-09-11 20:48:15,054 INFO o.a.j.JMeter: file.encoding=UTF-8
2018-09-11 20:48:15,054 INFO o.a.j.JMeter: Max memory     =1073741824
2018-09-11 20:48:15,054 INFO o.a.j.JMeter: Available Processors =8
2018-09-11 20:48:15,058 INFO o.a.j.JMeter: Default Locale=English (EN)
2018-09-11 20:48:15,058 INFO o.a.j.JMeter: JMeter  Locale=English (EN)
2018-09-11 20:48:15,058 INFO o.a.j.JMeter: JMeterHome=/Users/vishalendupandey/Tools/apache-jmeter/apache-jmeter-4.0
2018-09-11 20:48:15,058 INFO o.a.j.JMeter: user.dir  =/Users/vishalendupandey/Tools/jenkins/jenkins_home/workspace/Git_Jmeter_Slack_1
2018-09-11 20:48:15,059 INFO o.a.j.JMeter: PWD       =/Users/vishalendupandey/Tools/jenkins/jenkins_home/workspace/Git_Jmeter_Slack_1
2018-09-11 20:48:15,063 INFO o.a.j.JMeter: IP: 192.168.0.73 Name: YNTK-VISHALENDU.Dlink FullName: yntk-vishalendu.dlink
2018-09-11 20:48:15,065 INFO o.a.j.JMeter: Setting property 'jmeter.reportgenerator.outputdir' to:'/Users/vishalendupandey/Tools/jenkins/jenkins_home/workspace/Git_Jmeter_Slack_1/HTML'
2018-09-11 20:48:15,067 INFO o.a.j.s.FileServer: Default base='/Users/vishalendupandey/Tools/jenkins/jenkins_home/workspace/Git_Jmeter_Slack_1'
2018-09-11 20:48:15,071 INFO o.a.j.s.FileServer: Set new base='/Users/vishalendupandey/gitRepo/jenkins'
2018-09-11 20:48:15,191 INFO o.a.j.s.SaveService: Testplan (JMX) version: 2.2. Testlog (JTL) version: 2.2
2018-09-11 20:48:15,208 INFO o.a.j.s.SaveService: Using SaveService properties file encoding UTF-8
2018-09-11 20:48:15,212 INFO o.a.j.s.SaveService: Using SaveService properties version 4.0
2018-09-11 20:48:15,218 INFO o.a.j.s.SaveService: Loading file: /Users/vishalendupandey/gitRepo/jenkins/sample_jmeter.jmx
2018-09-11 20:48:15,264 INFO o.a.j.p.h.s.HTTPSamplerBase: Parser for text/html is org.apache.jmeter.protocol.http.parser.LagartoBasedHtmlParser
2018-09-11 20:48:15,265 INFO o.a.j.p.h.s.HTTPSamplerBase: Parser for application/xhtml+xml is org.apache.jmeter.protocol.http.parser.LagartoBasedHtmlParser
2018-09-11 20:48:15,265 INFO o.a.j.p.h.s.HTTPSamplerBase: Parser for application/xml is org.apache.jmeter.protocol.http.parser.LagartoBasedHtmlParser
2018-09-11 20:48:15,265 INFO o.a.j.p.h.s.HTTPSamplerBase: Parser for text/xml is org.apache.jmeter.protocol.http.parser.LagartoBasedHtmlParser
2018-09-11 20:48:15,265 INFO o.a.j.p.h.s.HTTPSamplerBase: Parser for text/vnd.wap.wml is org.apache.jmeter.protocol.http.parser.RegexpHTMLParser
2018-09-11 20:48:15,265 INFO o.a.j.p.h.s.HTTPSamplerBase: Parser for text/css is org.apache.jmeter.protocol.http.parser.CssParser
2018-09-11 20:48:15,284 INFO o.a.j.JMeter: Creating summariser <summary>
2018-09-11 20:48:15,296 INFO o.a.j.r.d.ReportGenerator: ReportGenerator will use for Parsing the separator: ','
2018-09-11 20:48:15,296 INFO o.a.j.r.d.ReportGenerator: Will generate report at end of test from  results file: jmeterout.jtl
2018-09-11 20:48:15,296 INFO o.a.j.r.d.ReportGenerator: Reading report generator properties from: /Users/vishalendupandey/Tools/apache-jmeter/apache-jmeter-4.0/bin/reportgenerator.properties
2018-09-11 20:48:15,298 INFO o.a.j.r.d.ReportGenerator: Merging with JMeter properties
2018-09-11 20:48:15,303 INFO o.a.j.r.c.ReportGeneratorConfiguration: Property 'jmeter.reportgenerator.temp_dir' not found, using default value 'temp' instead.
2018-09-11 20:48:15,305 INFO o.a.j.r.c.ReportGeneratorConfiguration: Property 'jmeter.reportgenerator.apdex_per_transaction' not found, using default value 'null' instead.
2018-09-11 20:48:15,305 INFO o.a.j.r.c.ReportGeneratorConfiguration: apdex_per_transaction : {} is empty, not APDEX per transaction customization
2018-09-11 20:48:15,306 INFO o.a.j.r.c.ReportGeneratorConfiguration: Property 'jmeter.reportgenerator.sample_filter' not found, using default value 'null' instead.
2018-09-11 20:48:15,306 INFO o.a.j.r.c.ReportGeneratorConfiguration: Property 'jmeter.reportgenerator.report_title' not found, using default value 'null' instead.
2018-09-11 20:48:15,306 INFO o.a.j.r.c.ReportGeneratorConfiguration: Property 'jmeter.reportgenerator.start_date' not found, using default value 'null' instead.
2018-09-11 20:48:15,306 INFO o.a.j.r.c.ReportGeneratorConfiguration: Property 'jmeter.reportgenerator.end_date' not found, using default value 'null' instead.
2018-09-11 20:48:15,306 INFO o.a.j.r.c.ReportGeneratorConfiguration: Property 'jmeter.reportgenerator.date_format' not found, using default value 'null' instead.
2018-09-11 20:48:15,307 INFO o.a.j.r.c.ReportGeneratorConfiguration: Will use date range start date: null, end date: null
2018-09-11 20:48:15,312 INFO o.a.j.r.c.ReportGeneratorConfiguration: Property 'jmeter.reportgenerator.graph.activeThreadsOverTime.exclude_controllers' not found, using default value 'false' instead.
2018-09-11 20:48:15,312 INFO o.a.j.r.c.ReportGeneratorConfiguration: Property 'jmeter.reportgenerator.graph.timeVsThreads.exclude_controllers' not found, using default value 'false' instead.
2018-09-11 20:48:15,312 INFO o.a.j.r.c.ReportGeneratorConfiguration: Property 'jmeter.reportgenerator.graph.responseTimeDistribution.exclude_controllers' not found, using default value 'false' instead.
2018-09-11 20:48:15,312 INFO o.a.j.r.c.ReportGeneratorConfiguration: Property 'jmeter.reportgenerator.graph.transactionsPerSecond.exclude_controllers' not found, using default value 'false' instead.
2018-09-11 20:48:15,312 INFO o.a.j.r.c.ReportGeneratorConfiguration: Property 'jmeter.reportgenerator.graph.responseTimePercentiles.exclude_controllers' not found, using default value 'false' instead.
2018-09-11 20:48:15,312 INFO o.a.j.r.c.ReportGeneratorConfiguration: Property 'jmeter.reportgenerator.graph.responseTimePercentilesOverTime.exclude_controllers' not found, using default value 'false' instead.
2018-09-11 20:48:15,312 INFO o.a.j.r.c.ReportGeneratorConfiguration: Property 'jmeter.reportgenerator.graph.responseTimesOverTime.exclude_controllers' not found, using default value 'false' instead.
2018-09-11 20:48:15,313 INFO o.a.j.r.c.ReportGeneratorConfiguration: Property 'jmeter.reportgenerator.graph.connectTimeOverTime.exclude_controllers' not found, using default value 'false' instead.
2018-09-11 20:48:15,313 INFO o.a.j.r.c.ReportGeneratorConfiguration: Property 'jmeter.reportgenerator.graph.latenciesOverTime.exclude_controllers' not found, using default value 'false' instead.
2018-09-11 20:48:15,314 INFO o.a.j.r.c.ReportGeneratorConfiguration: Property 'jmeter.reportgenerator.exporter.html.filters_only_sample_series' not found, using default value 'true' instead.
2018-09-11 20:48:15,314 INFO o.a.j.r.c.ReportGeneratorConfiguration: Property 'jmeter.reportgenerator.exporter.html.series_filter' not found, using default value '' instead.
2018-09-11 20:48:15,314 INFO o.a.j.r.c.ReportGeneratorConfiguration: Property 'jmeter.reportgenerator.exporter.html.show_controllers_only' not found, using default value 'false' instead.
2018-09-11 20:48:15,318 INFO o.a.j.e.StandardJMeterEngine: Running the test!
2018-09-11 20:48:15,318 INFO o.a.j.s.SampleEvent: List of sample_variables: []
2018-09-11 20:48:15,319 INFO o.a.j.s.SampleEvent: List of sample_variables: []
2018-09-11 20:48:15,322 INFO o.a.j.e.u.CompoundVariable: Note: Function class names must contain the string: '.functions.'
2018-09-11 20:48:15,322 INFO o.a.j.e.u.CompoundVariable: Note: Function class names must not contain the string: '.gui.'
2018-09-11 20:48:15,662 INFO o.a.j.JMeter: Running test (1536679095661)
2018-09-11 20:48:15,692 INFO o.a.j.e.StandardJMeterEngine: Starting ThreadGroup: 1 : Thread Group
2018-09-11 20:48:15,692 INFO o.a.j.e.StandardJMeterEngine: Starting 2 threads for group Thread Group.
2018-09-11 20:48:15,692 INFO o.a.j.e.StandardJMeterEngine: Thread will continue on error
2018-09-11 20:48:15,693 INFO o.a.j.t.ThreadGroup: Starting thread group... number=1 threads=2 ramp-up=0 perThread=0.0 delayedStart=false
2018-09-11 20:48:15,697 INFO o.a.j.t.ThreadGroup: Started thread group number 1
2018-09-11 20:48:15,697 INFO o.a.j.e.StandardJMeterEngine: All thread groups have been started
2018-09-11 20:48:15,699 INFO o.a.j.t.JMeterThread: Thread started: Thread Group 1-1
2018-09-11 20:48:15,699 INFO o.a.j.t.JMeterThread: Thread started: Thread Group 1-2
2018-09-11 20:48:45,722 INFO o.a.j.p.h.s.HTTPHCAbstractImpl: Local host = YNTK-VISHALENDU.Dlink
2018-09-11 20:48:45,726 INFO o.a.j.p.h.s.HTTPHC4Impl: HTTP request retry count = 0
2018-09-11 20:48:45,733 INFO o.a.j.s.SampleResult: Note: Sample TimeStamps are START times
2018-09-11 20:48:45,733 INFO o.a.j.s.SampleResult: sampleresult.default.encoding is set to ISO-8859-1
2018-09-11 20:48:45,733 INFO o.a.j.s.SampleResult: sampleresult.useNanoTime=true
2018-09-11 20:48:45,733 INFO o.a.j.s.SampleResult: sampleresult.nanoThreadSleep=5000
2018-09-11 20:48:45,794 INFO o.a.j.p.h.s.LazySchemeSocketFactory: Setting up HTTPS TrustAll Socket Factory
2018-09-11 20:48:45,801 INFO o.a.j.u.JsseSSLManager: Using default SSL protocol: TLS
2018-09-11 20:48:45,802 INFO o.a.j.u.JsseSSLManager: SSL session context: per-thread
2018-09-11 20:48:45,938 INFO o.a.j.u.SSLManager: JmeterKeyStore Location:  type JKS
2018-09-11 20:48:45,939 INFO o.a.j.u.SSLManager: KeyStore created OK
2018-09-11 20:48:45,939 WARN o.a.j.u.SSLManager: Keystore file not found, loading empty keystore
2018-09-11 20:50:17,593 INFO o.a.j.t.JMeterThread: Stopping because end time detected by thread: Thread Group 1-2
2018-09-11 20:50:17,593 INFO o.a.j.t.JMeterThread: Thread finished: Thread Group 1-2
2018-09-11 20:50:17,606 INFO o.a.j.t.JMeterThread: Stopping because end time detected by thread: Thread Group 1-1
2018-09-11 20:50:17,606 INFO o.a.j.t.JMeterThread: Thread finished: Thread Group 1-1
2018-09-11 20:50:17,607 INFO o.a.j.e.StandardJMeterEngine: Notifying test listeners of end of test
2018-09-11 20:50:17,608 INFO o.a.j.r.Summariser: summary =      8 in 00:02:02 =    0.1/s Avg:  1733 Min:  1367 Max:  1986 Err:     0 (0.00%)
2018-09-11 20:50:17,609 INFO o.a.j.JMeter: Generating Dashboard
2018-09-11 20:50:17,609 INFO o.a.j.r.d.ReportGenerator: Flushing result collector before report Generation
2018-09-11 20:50:17,621 INFO o.a.j.r.p.NormalizerSampleConsumer: Using format, 'ms', to parse timeStamp field
2018-09-11 20:50:17,679 INFO o.a.j.r.p.AbstractSampleConsumer: class org.apache.jmeter.report.processor.AggregateConsumer#stopProducing(): beginDate produced 0 samples
2018-09-11 20:50:17,679 INFO o.a.j.r.p.AbstractSampleConsumer: class org.apache.jmeter.report.processor.AggregateConsumer#stopProducing(): endDate produced 0 samples
2018-09-11 20:50:17,681 INFO o.a.j.r.p.AbstractSampleConsumer: class org.apache.jmeter.report.processor.ApdexSummaryConsumer#stopProducing(): apdexSummary produced 0 samples
2018-09-11 20:50:17,681 INFO o.a.j.r.p.AbstractSampleConsumer: class org.apache.jmeter.report.processor.RequestsSummaryConsumer#stopProducing(): requestsSummary produced 0 samples
2018-09-11 20:50:17,688 INFO o.a.j.r.p.AbstractSampleConsumer: class org.apache.jmeter.report.processor.StatisticsSummaryConsumer#stopProducing(): statisticsSummary produced 0 samples
2018-09-11 20:50:17,692 INFO o.a.j.r.p.AbstractSampleConsumer: class org.apache.jmeter.report.processor.Top5ErrorsBySamplerConsumer#stopProducing(): top5ErrorsBySampler produced 0 samples
2018-09-11 20:50:17,692 INFO o.a.j.r.p.AbstractSampleConsumer: class org.apache.jmeter.report.processor.ErrorsSummaryConsumer#stopProducing(): errorsSummary produced 0 samples
2018-09-11 20:50:17,692 INFO o.a.j.r.p.AbstractSampleConsumer: class org.apache.jmeter.report.processor.graph.impl.HitsPerSecondGraphConsumer#stopProducing(): hitsPerSecond produced 0 samples
2018-09-11 20:50:17,702 INFO o.a.j.r.p.AbstractSampleConsumer: class org.apache.jmeter.report.processor.graph.impl.LatencyVSRequestGraphConsumer#stopProducing(): latencyVsRequest produced 0 samples
2018-09-11 20:50:17,702 INFO o.a.j.r.p.AbstractSampleConsumer: class org.apache.jmeter.report.processor.graph.impl.SyntheticResponseTimeDistributionGraphConsumer#stopProducing(): syntheticResponseTimeDistribution produced 0 samples
2018-09-11 20:50:17,702 INFO o.a.j.r.p.AbstractSampleConsumer: class org.apache.jmeter.report.processor.graph.impl.BytesThroughputGraphConsumer#stopProducing(): bytesThroughputOverTime produced 0 samples
2018-09-11 20:50:17,702 INFO o.a.j.r.p.AbstractSampleConsumer: class org.apache.jmeter.report.processor.graph.impl.CodesPerSecondGraphConsumer#stopProducing(): codesPerSecond produced 0 samples
2018-09-11 20:50:17,705 INFO o.a.j.r.p.AbstractSampleConsumer: class org.apache.jmeter.report.processor.graph.impl.ResponseTimeVSRequestGraphConsumer#stopProducing(): responseTimeVsRequest produced 0 samples
2018-09-11 20:50:17,706 INFO o.a.j.r.p.AbstractSampleConsumer: class org.apache.jmeter.report.processor.FilterConsumer#stopProducing(): startIntervalControlerFilter produced 56 samples
2018-09-11 20:50:17,706 INFO o.a.j.r.p.AbstractSampleConsumer: class org.apache.jmeter.report.processor.graph.impl.ActiveThreadsGraphConsumer#stopProducing(): activeThreadsOverTime produced 0 samples
2018-09-11 20:50:17,706 INFO o.a.j.r.p.AbstractSampleConsumer: class org.apache.jmeter.report.processor.graph.impl.TimeVSThreadGraphConsumer#stopProducing(): timeVsThreads produced 0 samples
2018-09-11 20:50:17,706 INFO o.a.j.r.p.AbstractSampleConsumer: class org.apache.jmeter.report.processor.graph.impl.ResponseTimeDistributionGraphConsumer#stopProducing(): responseTimeDistribution produced 0 samples
2018-09-11 20:50:17,706 INFO o.a.j.r.p.AbstractSampleConsumer: class org.apache.jmeter.report.processor.graph.impl.TransactionsPerSecondGraphConsumer#stopProducing(): transactionsPerSecond produced 0 samples
2018-09-11 20:50:17,706 INFO o.a.j.r.p.AbstractSampleConsumer: class org.apache.jmeter.report.processor.graph.impl.ResponseTimePercentilesGraphConsumer#stopProducing(): responseTimePercentiles produced 0 samples
2018-09-11 20:50:17,707 INFO o.a.j.r.p.AbstractSampleConsumer: class org.apache.jmeter.report.processor.graph.impl.ResponseTimePercentilesOverTimeGraphConsumer#stopProducing(): responseTimePercentilesOverTime produced 0 samples
2018-09-11 20:50:17,707 INFO o.a.j.r.p.AbstractSampleConsumer: class org.apache.jmeter.report.processor.graph.impl.ResponseTimeOverTimeGraphConsumer#stopProducing(): responseTimesOverTime produced 0 samples
2018-09-11 20:50:17,707 INFO o.a.j.r.p.AbstractSampleConsumer: class org.apache.jmeter.report.processor.graph.impl.ConnectTimeOverTimeGraphConsumer#stopProducing(): connectTimeOverTime produced 0 samples
2018-09-11 20:50:17,708 INFO o.a.j.r.p.AbstractSampleConsumer: class org.apache.jmeter.report.processor.graph.impl.LatencyOverTimeGraphConsumer#stopProducing(): latenciesOverTime produced 0 samples
2018-09-11 20:50:17,708 INFO o.a.j.r.p.AbstractSampleConsumer: class org.apache.jmeter.report.processor.FilterConsumer#stopProducing(): nameFilter produced 112 samples
2018-09-11 20:50:17,708 INFO o.a.j.r.p.AbstractSampleConsumer: class org.apache.jmeter.report.processor.FilterConsumer#stopProducing(): dateRangeFilter produced 24 samples
2018-09-11 20:50:17,708 INFO o.a.j.r.p.AbstractSampleConsumer: class org.apache.jmeter.report.processor.NormalizerSampleConsumer#stopProducing(): normalizer produced 8 samples
2018-09-11 20:50:17,708 INFO o.a.j.r.p.CsvFileSampleSource: produce(): 8 samples produced in 65ms on channel 0
2018-09-11 20:50:17,708 INFO o.a.j.r.d.ReportGenerator: Exporting data using exporter:'html' of className:'org.apache.jmeter.report.dashboard.HtmlTemplateExporter'
2018-09-11 20:50:17,711 INFO o.a.j.r.d.HtmlTemplateExporter: Will generate dashboard in folder: /Users/vishalendupandey/Tools/jenkins/jenkins_home/workspace/Git_Jmeter_Slack_1/HTML
2018-09-11 20:50:17,781 INFO o.a.j.r.d.HtmlTemplateExporter: Report will be generated in: /Users/vishalendupandey/Tools/jenkins/jenkins_home/workspace/Git_Jmeter_Slack_1/HTML, creating folder structure
2018-09-11 20:50:18,006 INFO o.a.j.JMeter: Dashboard generated
